Dynamic typing,commit_size
(4, 4)
(4, 10)
(17, 7)
(2, 6)
(17, 2)
(3, 5)
(17, 9)
(13, 3)
(17, 12)
(17, 26)
(3, 71)
(2, 6)
(17, 2)
(17, 2)
(4, 9)
(13, 2)
(17, 17)
(2, 25)
(3, 2)
(17, 2)
(13, 65)
(2, 5)
(17, 4)
(2, 19)
(17, 15)
(2, 15)
(13, 1)
(13, 2)
(17, 2)
(4, 2)
(4, 2)
(4, 2)
(4, 4)
(17, 4)
(13, 2)
(5, 2)
(2, 4)
(3, 71)
(4, 5)
(4, 6)
(13, 5)
(13, 5)
(13, 4)
(4, 2)
(4, 6)
(17, 6)
(2, 12)
(5, 2)
(17, 23)
(17, 2)
(4, 2)
(4, 6)
(17, 16)
(3, 2)
(13, 5)
(2, 10)
(4, 3)
(2, 9)
(17, 5)
(4, 18)
(3, 15)
(2, 2)
(3, 4)
(8, 1)
(17, 7)
(4, 2)
(17, 1)
(13, 6)
(4, 9)
(17, 3)
(3, 71)
(8, 1)
(4, 4)
(13, 10)
(4, 2)
(4, 4)
(4, 8)
(4, 4)
(13, 8)
(8, 2)
(4, 3)
(2, 8)
(13, 3)
(8, 2)
(13, 2)
(17, 2)
(2, 11)
(17, 8)
(4, 15)
(13, 40)
(2, 62)
(17, 2)
(17, 2)
(4, 10)
(13, 12)
(17, 13)
(13, 2)
(4, 13)
(13, 2)
(2, 11)
(3, 24)
(2, 29)
(4, 2)
(8, 3)
(2, 29)
(2, 4)
(17, 5)
(13, 11)
(3, 16)
(5, 4)
(2, 12)
(8, 4)
(8, 4)
(4, 5)
(8, 3)
(17, 6)
(2, 2)
(13, 7)
(3, 19)
(5, 4)
(2, 13)
(8, 5)
(5, 39)
(2, 35)
(3, 1)
(17, 50)
(13, 2)
(17, 4)
(4, 6)
(5, 2)
(3, 2)
(3, 2)
(3, 9)
(2, 10)
(2, 2)
(17, 4)
(13, 2)
(17, 8)
(4, 13)
(3, 7)
(17, 7)
(4, 12)
(13, 4)
(4, 24)
(2, 31)
(3, 2)
(2, 10)
(2, 6)
(2, 43)
(2, 6)
(2, 20)
(17, 4)
(3, 4)
(4, 7)
(5, 10)
(17, 2)
(4, 5)
(17, 5)
(2, 10)
(3, 2)
(2, 5)
(17, 4)
(13, 6)
(2, 4)
(4, 3)
(4, 4)
(13, 2)
(2, 2)
(4, 5)
(4, 8)
(2, 4)
(2, 8)
(2, 5)
(13, 103)
(17, 4)
(2, 61)
(4, 13)
(3, 17)
(13, 2)
(4, 3)
(8, 2)
(2, 5)
(17, 8)
(13, 5)
(2, 3)
(2, 2)
(3, 2)
(17, 4)
(3, 4)
(4, 7)
(2, 8)
(3, 72)
(13, 28)
(13, 19)
(3, 16)
(2, 52)
(5, 12)
(2, 93)
(3, 182)
(4, 2)
(2, 10)
(13, 4)
(17, 2)
(17, 4)
(13, 12)
(5, 12)
(13, 6)
(3, 8)
(13, 34)
(3, 15)
(13, 16)
(3, 6)
(13, 16)
(3, 2)
(17, 7)
(17, 2)
(3, 7)
(2, 15)
(4, 2)
(2, 38)
(4, 2)
(13, 4)
(4, 4)
(8, 3)
(13, 4)
(2, 11)
(4, 4)
(8, 3)
(13, 13)
(3, 4)
(2, 9)
(4, 4)
(13, 4)
(13, 15)
(2, 6)
(3, 4)
(2, 31)
(3, 6)
(4, 4)
(17, 4)
(3, 4)
(2, 31)
(4, 3)
(2, 7)
(13, 6)
(13, 4)
(2, 9)
(17, 6)
(3, 5)
(2, 11)
(17, 2)
(4, 6)
(4, 2)
(8, 31)
(13, 17)
(3, 4)
(8, 4)
(3, 151)
(2, 198)
(4, 44)
(2, 2)
(2, 1)
(17, 4)
(17, 6)
(2, 6)
(13, 14)
(4, 7)
(2, 25)
(17, 28)
(2, 6)
(17, 48)
(5, 4)
(4, 127)
(2, 25)
(13, 12)
(8, 5)
(3, 35)
(4, 2)
(2, 29)
(2, 4)
(17, 5)
(13, 16)
(3, 8)
(2, 2)
(8, 5)
(4, 41)
(2, 6)
(13, 5)
(17, 10)
(5, 2)
(4, 26)
(4, 4)
(17, 4)
(13, 2)
(5, 2)
(2, 4)
(13, 29)
(17, 15)
(17, 19)
(4, 5)
(2, 13)
(8, 5)
(3, 35)
(4, 46)
(17, 10)
(13, 2)
(17, 6)
(2, 8)
(13, 23)
(2, 11)
(3, 2)
(2, 14)
(2, 26)
(4, 7)
(2, 29)
(2, 2)
(3, 1)
(2, 4)
(2, 12)
(4, 20)
(2, 8)
(17, 5)
(3, 10)
(2, 24)
(13, 4)
(3, 2)
(5, 1)
(17, 4)
(13, 4)
(4, 18)
(17, 21)
(2, 104)
(8, 6)
(13, 66)
(13, 2)
(2, 2)
(4, 13)
(4, 2)
(13, 2)
(17, 2)
(4, 14)
(4, 3)
(3, 4)
(2, 37)
(3, 23)
(2, 16)
(4, 5)
(17, 33)
(2, 82)
(4, 180)
(17, 59)
(8, 6)
(13, 47)
(3, 96)
(2, 177)
(13, 8)
(2, 57)
(17, 45)
(13, 16)
(2, 2)
(13, 2)
(2, 2)
(4, 21)
(13, 14)
(4, 8)
(2, 6)
(5, 5)
(2, 18)
(17, 24)
(17, 1)
(4, 10)
(13, 18)
(2, 2)
(4, 17)
(4, 5)
(2, 7)
(17, 5)
(2, 4)
(4, 36)
(2, 43)
(4, 12)
(13, 42)
(13, 76)
(2, 4)
(2, 31)
(17, 182)
(5, 37)
(2, 705)
(4, 200)
(8, 8)
(3, 148)
(4, 27)
(2, 43)
(5, 6)
(3, 13)
(2, 9)
(2, 3)
(17, 24)
(17, 8)
(13, 2)
(17, 38)
(17, 29)
(13, 34)
(17, 6)
(17, 32)
(5, 8)
(4, 180)
(17, 60)
(8, 6)
(13, 47)
(3, 96)
(5, 29)
(2, 186)
(3, 7)
(4, 4)
(17, 8)
(2, 4)
(5, 29)
(2, 14)
(5, 15)
(2, 3)
(5, 18)
(2, 11)
(4, 28)
(2, 106)
(2, 36)
(17, 30)
(2, 43)
(17, 6)
(2, 78)
(17, 2)
(2, 4)
(17, 6)
(2, 17)
(17, 15)
(17, 3)
(2, 5)
(17, 12)
(2, 14)
(2, 4)
(5, 8)
(2, 25)
(17, 1)
(3, 2)
(2, 10)
(4, 4)
(8, 2)
(13, 15)
(3, 8)
(2, 8)
(4, 14)
(17, 14)
(8, 2)
(13, 22)
(2, 118)
(13, 3)
(17, 2)
(2, 25)
(3, 54)
(2, 20)
(4, 3)
(2, 15)
(13, 4)
(13, 18)
(17, 5)
(2, 49)
(17, 16)
(2, 4)
(4, 3)
(2, 4)
(17, 4)
(13, 23)
(5, 3)
(2, 10)
(4, 16)
(2, 12)
(2, 13)
(4, 2)
(2, 35)
(17, 5)
(2, 6)
(17, 18)
(13, 5)
(2, 15)
(3, 7)
(4, 4)
(17, 8)
(2, 4)
(4, 12)
(13, 42)
(2, 6)
(17, 9)
(2, 12)
(17, 22)
(2, 10)
(4, 168)
(2, 135)
(17, 118)
(13, 116)
(3, 167)
(5, 9)
(4, 2)
(17, 2)
(2, 16)
(13, 23)
(4, 2)
(13, 2)
(13, 5)
(2, 33)
(17, 40)
(13, 4)
(17, 4)
(2, 9)
(4, 12)
(4, 7)
(2, 40)
(2, 46)
(13, 17)
(2, 7)
(3, 6)
(4, 34)
(5, 9)
(13, 65)
(2, 10)
(17, 4)
(2, 38)
(2, 16)
(17, 2)
(4, 6)
(13, 109)
(4, 1)
(17, 2)
(13, 1)
(2, 3)
(2, 2)
(17, 2)
(13, 34)
(8, 6)
(2, 1)
(2, 92)
(17, 7)
(2, 9)
(4, 19)
(2, 3)
(4, 3)
(2, 1)
(2, 1)
(17, 13)
(13, 6)
(5, 3)
(2, 10)
(2, 17)
(2, 2)
(17, 33)
(13, 16)
(3, 4)
(5, 2)
(2, 2)
(4, 177)
(17, 33)
(8, 6)
(13, 31)
(3, 9)
(2, 98)
(4, 9)
(13, 11)
(2, 18)
(2, 4)
(13, 13)
(2, 24)
(13, 4)
(2, 5)
(17, 8)
(2, 9)
(3, 4)
(4, 2)
(2, 12)
(17, 6)
(13, 2)
(17, 2)
(2, 9)
(17, 12)
(13, 20)
(2, 43)
(17, 2)
(2, 14)
(13, 17)
(2, 7)
(4, 61)
(17, 2)
(17, 2)
(2, 6)
(13, 25)
(17, 55)
(13, 8)
(2, 57)
(2, 35)
(4, 2)
(2, 1)
(3, 16)
(4, 6)
(17, 9)
(2, 8)
(13, 4)
(13, 39)
(4, 61)
(2, 6)
(17, 18)
(5, 1)
(2, 640)
(2, 20)
(3, 50)
(4, 2)
(4, 4)
(13, 19)
(2, 22)
(17, 55)
(13, 8)
(2, 57)
(17, 5)
(2, 22)
(17, 2)
(2, 11)
(17, 4)
(2, 12)
(5, 1)
(13, 5)
(3, 80)
(2, 29)
(4, 2)
(2, 8)
(17, 6)
(2, 20)
(3, 6)
(2, 11)
(13, 48)
(4, 3)
(17, 6)
(2, 42)
(17, 4)
(4, 40)
(2, 43)
(3, 3)
(2, 8)
(8, 6)
(17, 2)
(13, 9)
(2, 6)
(17, 2)
(2, 499)
(4, 18)
(2, 20)
(8, 7)
(8, 7)
(17, 2)
(17, 2)
(3, 3)
(2, 21)
(13, 9)
(3, 8)
(13, 16)
(17, 10)
(2, 32)
(2, 6)
(17, 2)
(13, 25)
(17, 3)
(4, 18)
(2, 20)
(17, 3)
(2, 478)
(17, 3)
(2, 11)
(17, 129)
(4, 10)
(17, 32)
(2, 20)
(2, 404)
(13, 101)
(5, 4)
(3, 2)
(4, 2)
(4, 42)
(17, 158)
(2, 9)
(13, 19)
(3, 28)
(5, 2)
(17, 4)
(4, 4)
(17, 4)
(4, 4)
(5, 22)
(3, 41)
(3, 2)
(13, 8)
(17, 5)
(4, 2)
(4, 2)
(17, 6)
(5, 2)
(4, 4)
(17, 4)
(2, 2)
(4, 8)
(3, 2)
(17, 2)
(17, 46)
(13, 24)
(2, 11)
(3, 4)
(3, 8)
(17, 2)
(4, 8)
(4, 29)
(4, 3)
(17, 25)
(3, 10)
(4, 4)
(13, 19)
(4, 3)
(17, 2)
(17, 2)
(3, 5)
(13, 28)
(17, 7)
(4, 3)
(17, 2)
(17, 2)
(17, 6)
(17, 6)
(3, 11)
(17, 4)
(2, 5)
(2, 18)
(13, 9)
(17, 4)
(17, 4)
(4, 9)
(13, 31)
(4, 4)
(3, 12)
(4, 10)
(13, 12)
(3, 1)
(4, 9)
(2, 14)
(3, 4)
(4, 4)
(13, 4)
(4, 5)
(17, 4)
(2, 41)
(4, 6)
(4, 4)
(4, 9)
(3, 4)
(5, 65)
(13, 11)
(17, 7)
(3, 4)
(5, 2)
(3, 3)
(13, 7)
(4, 9)
(13, 16)
(17, 6)
(17, 4)
(3, 3)
(3, 5)
(4, 3)
(17, 5)
(17, 3)
(2, 9)
(5, 2)
(17, 11)
(17, 7)
(17, 8)
(17, 4)
(17, 3)
(17, 10)
(17, 4)
(2, 18)
(5, 65)
(8, 6)
(17, 6)
(4, 14)
(4, 5)
(3, 2)
(13, 3)
(17, 2)
(17, 2)
(17, 17)
(17, 11)
(17, 2)
(17, 4)
(3, 7)
(17, 24)
(17, 23)
(5, 3)
(5, 4)
(8, 1)
(13, 6)
(8, 52)
(4, 5)
(17, 10)
(13, 16)
(2, 89)
(5, 7)
(3, 5)
(17, 31)
(17, 7)
(8, 2)
(17, 11)
(13, 2)
(17, 15)
(4, 5)
(3, 52)
(4, 3)
(4, 2)
(4, 7)
(4, 15)
(17, 7)
(13, 36)
(17, 77)
(5, 15)
(4, 101)
(3, 54)
(5, 6)
(17, 2)
(3, 2)
(4, 4)
(13, 11)
(3, 6)
(5, 18)
(17, 9)
(17, 1)
(4, 4)
(17, 8)
(2, 2)
(4, 22)
(17, 8)
(4, 8)
(13, 2)
(4, 4)
(17, 4)
(17, 4)
(4, 7)
(13, 16)
(17, 23)
(4, 10)
(4, 5)
(17, 26)
(5, 9)
(3, 6)
(13, 15)
(4, 7)
(17, 7)
(17, 13)
(17, 4)
(13, 13)
(4, 7)
(3, 17)
(4, 4)
(3, 10)
(4, 3)
(13, 2)
(4, 17)
(17, 7)
(17, 20)
(17, 2)
(4, 52)
(4, 15)
(17, 13)
(3, 1)
(4, 14)
(17, 15)
(3, 2)
(13, 42)
(3, 4)
(13, 16)
(3, 61)
(4, 3)
(13, 36)
(4, 7)
(3, 21)
(17, 2)
(4, 6)
(3, 4)
(17, 4)
(4, 1)
(4, 10)
(4, 8)
(4, 7)
(17, 66)
(13, 36)
(4, 22)
(3, 4)
(5, 2)
(17, 22)
(13, 3)
(4, 8)
(17, 12)
(4, 2)
(17, 2)
(4, 2)
(5, 3)
(4, 13)
(17, 18)
(2, 37)
(17, 2)
(17, 8)
(17, 2)
(13, 67)
(17, 13)
(4, 3)
(17, 26)
(4, 2)
(17, 11)
(8, 2)
(5, 4)
(17, 1)
(17, 5)
(17, 8)
(5, 30)
(17, 5)
(2, 3)
(2, 13)
(4, 8)
(13, 23)
(13, 4)
(13, 24)
(17, 2)
(2, 3)
(4, 27)
(17, 2)
(13, 9)
(5, 74)
(17, 8)
(5, 74)
(2, 5)
(17, 12)
(5, 3)
(4, 2)
(8, 6)
(17, 6)
(2, 24)
(17, 3)
(2, 7)
(17, 15)
(2, 19)
(8, 4)
(17, 6)
(17, 15)
(2, 19)
(13, 35)
(17, 15)
(8, 4)
(13, 2)
(13, 5)
(13, 5)
(4, 13)
(17, 10)
(2, 71)
(4, 65)
(17, 70)
(13, 5)
(3, 58)
(2, 20)
(17, 41)
(2, 16)
(2, 1)
(17, 12)
(8, 2)
(13, 12)
(5, 2)
(2, 9)
(17, 4)
(2, 21)
(2, 2)
(4, 7)
(17, 6)
(2, 4)
(13, 7)
(2, 4)
(17, 4)
(13, 4)
(2, 6)
(17, 6)
(2, 34)
(17, 8)
(2, 5)
(17, 8)
(17, 4)
(17, 4)
(17, 2)
(17, 5)
(17, 2)
(2, 9)
(17, 8)
(2, 9)
(2, 12)
(2, 11)
(17, 1)
(2, 11)
(8, 2)
(4, 47)
(17, 2)
(13, 57)
(17, 7)
(13, 6)
(2, 18)
(17, 4)
(17, 6)
(17, 2)
(17, 1)
(2, 11)
(17, 12)
(2, 28)
(2, 11)
(17, 30)
(5, 49)
(4, 3)
(2, 16)
(8, 5)
(8, 7)
(2, 11)
(2, 1)
(17, 7)
(2, 10)
(17, 8)
(13, 33)
(5, 3)
(17, 13)
(17, 13)
(4, 21)
(13, 27)
(2, 57)
(17, 53)
(5, 161)
(2, 5)
(4, 9)
(2, 30)
(2, 1)
(17, 3)
(8, 1)
(13, 3)
(5, 3)
(2, 9)
(17, 8)
(17, 5)
(2, 11)
(17, 10)
(17, 2)
(17, 5)
(2, 5)
(17, 4)
(2, 14)
(17, 9)
(2, 18)
(17, 12)
(2, 16)
(8, 2)
(17, 4)
(4, 18)
(2, 8)
(17, 6)
(8, 2)
(17, 4)
(2, 7)
(4, 5)
(2, 32)
(17, 25)
(17, 6)
(17, 8)
(17, 26)
(17, 56)
(2, 41)
(17, 30)
(5, 8)
(13, 2)
(17, 6)
(17, 6)
(17, 7)
(5, 6)
(17, 3)
(17, 4)
(17, 2)
(13, 981)
(17, 6)
(17, 10)
(2, 10)
(17, 6)
(13, 31)
(17, 9)
(4, 9)
(17, 2)
(17, 5)
(2, 9)
(5, 4)
(17, 6)
(13, 23)
(13, 2)
(17, 11)
(5, 2)
(2, 85)
(17, 60)
(2, 8)
(2, 2)
(17, 6)
(2, 21)
(4, 6)
(2, 40)
(5, 130)
(2, 6)
(2, 6)
(13, 2)
(17, 2)
(17, 3)
(13, 35)
(17, 6)
(4, 7)
(13, 18)
(13, 4)
(2, 108)
(4, 10)
(2, 13)
(17, 82)
(13, 13)
(5, 54)
(2, 1)
(17, 11)
(4, 5)
(4, 11)
(17, 6)
(2, 8)
(5, 49)
(4, 3)
(17, 2)
(17, 75)
(2, 11)
(2, 2)
(17, 4)
(4, 6)
(2, 10)
(17, 6)
(17, 4)
(17, 2)
(2, 5)
(13, 16)
(17, 7)
(17, 1)
(2, 18)
(5, 4)
(4, 6)
(2, 10)
(17, 52)
(17, 22)
(17, 10)
(17, 6)
(13, 24)
(2, 137)
(4, 41)
(2, 264)
(17, 57)
(8, 4)
(13, 68)
(2, 24)
(4, 3)
(5, 5)
(13, 13)
(13, 24)
(2, 137)
(17, 4)
(2, 31)
(17, 59)
(2, 4)
(17, 13)
(13, 27)
(4, 3)
(2, 16)
(17, 6)
(17, 17)
(2, 7)
(17, 62)
(5, 2)
(2, 14)
(17, 3)
(17, 6)
(2, 5)
(13, 23)
(2, 137)
(2, 6)
(2, 9)
(2, 7)
(17, 8)
(17, 6)
(17, 1)
(17, 13)
(4, 14)
(17, 6)
(13, 10)
(2, 8)
(17, 34)
(17, 16)
(4, 11)
(13, 1)
(17, 68)
(17, 6)
(17, 13)
(17, 3)
(2, 2)
(17, 8)
(17, 5)
(17, 28)
(2, 18)
(17, 2)
(4, 1)
(4, 4)
(17, 2)
(13, 2)
(17, 55)
(13, 4)
(4, 2)
(13, 38)
(17, 6)
(4, 25)
(2, 14)
(17, 5)
(13, 7)
(2, 9)
(13, 2)
(2, 8)
(2, 7)
(13, 8)
(17, 24)
(13, 30)
(17, 5)
(17, 13)
(8, 2)
(13, 3)
(17, 9)
(17, 3)
(17, 12)
(17, 6)
(13, 11)
(5, 2)
(17, 4)
(17, 8)
(17, 6)
(13, 2)
(2, 13)
(13, 3)
(17, 2)
(17, 8)
(17, 3)
(17, 13)
(17, 42)
(5, 4)
(17, 1)
(2, 6)
(17, 2)
(17, 2)
(17, 3)
(17, 37)
(13, 40)
(17, 17)
(13, 15)
(17, 55)
(17, 73)
(17, 41)
(17, 6)
(17, 15)
(17, 7)
(5, 8)
(17, 8)
(4, 2)
(17, 4)
(13, 4)
(17, 8)
(4, 4)
(4, 4)
(4, 4)
(5, 72)
(17, 16)
(13, 12)
(17, 6)
(17, 10)
(17, 9)
(17, 3)
(17, 2)
(17, 1)
(4, 13)
(17, 3)
(17, 12)
(4, 4)
(17, 10)
(4, 10)
(17, 225)
(13, 109)
(5, 151)
(4, 51)
(17, 68)
(4, 179)
(17, 20)
(4, 2)
(2, 2)
(17, 12)
(13, 4)
(17, 149)
(13, 192)
(17, 4)
(17, 301)
(4, 35)
(2, 157)
(17, 28)
(17, 4)
(17, 4)
(13, 35)
(17, 17)
(13, 8)
(17, 4)
(17, 25)
(17, 4)
(17, 133)
(13, 226)
(13, 37)
(17, 34)
(17, 7)
(13, 2)
(17, 3)
(13, 76)
(2, 156)
(17, 30)
(17, 48)
(17, 1)
(17, 3)
(17, 2)
(17, 34)
(17, 9)
(17, 21)
(17, 3)
(17, 6)
(17, 13)
(17, 37)
(17, 2)
(17, 2)
(17, 6)
(17, 7)
(17, 9)
(17, 6)
(13, 2)
(4, 11)
(3, 6)
(4, 27)
(17, 11)
(4, 52)
(3, 33)
(4, 4)
(4, 7)
(17, 13)
(8, 2)
(17, 10)
(17, 5)
(3, 3)
(4, 43)
(4, 4)
(4, 4)
(4, 10)
(17, 5)
(4, 5)
(4, 2)
(17, 9)
(5, 8)
(4, 4)
(17, 4)
(17, 2)
(17, 4)
(4, 5)
(8, 4)
(4, 2)
(3, 47)
(4, 6)
(17, 10)
(13, 2)
(13, 41)
(17, 50)
(5, 3)
(3, 17)
(4, 123)
(4, 3)
(13, 93)
(17, 23)
(4, 225)
(4, 85)
(2, 131)
(17, 83)
(8, 6)
(13, 23)
(3, 46)
(5, 13)
(4, 5)
(4, 2)
(17, 4)
(4, 84)
(13, 25)
(17, 1)
(3, 9)
(3, 7)
(4, 11)
(4, 5)
(4, 8)
(17, 18)
(3, 5)
(4, 300)
(3, 4)
(13, 21)
(4, 2)
(4, 2)
(4, 41)
(4, 15)
(17, 19)
(13, 2)
(3, 4)
(4, 330)
(17, 22)
(8, 2)
(4, 3)
(3, 9)
(3, 22)
(17, 3)
(5, 3)
(17, 3)
(17, 3)
(17, 9)
(17, 2)
(17, 2)
(4, 15)
(3, 8)
(4, 4)
(8, 32)
(17, 7)
(17, 2)
(3, 4)
(13, 14)
(17, 3)
(2, 5)
(3, 4)
(13, 14)
(4, 13)
(2, 4)
(3, 9)
(13, 17)
(13, 11)
(3, 6)
(4, 2)
(17, 2)
(3, 5)
(17, 5)
(17, 5)
(17, 6)
(3, 16)
(8, 4)
(8, 2)
(17, 2)
(4, 1)
(2, 29)
(3, 3)
(17, 32)
(3, 28)
(17, 2)
(17, 11)
(3, 5)
(3, 5)
(13, 4)
(13, 8)
(13, 8)
(4, 7)
(5, 4)
(17, 15)
(2, 36)
(13, 69)
(13, 5)
(5, 4)
(5, 2)
(5, 9)
(4, 9)
(3, 7)
(4, 6)
(2, 2)
(13, 4)
(3, 22)
(17, 70)
(4, 6)
(17, 31)
(2, 4)
(4, 6)
(5, 4)
(17, 15)
(4, 5)
(3, 2)
(17, 4)
(17, 5)
(4, 2)
(13, 2)
(4, 10)
(2, 22)
(4, 18)
(17, 5)
(13, 3)
(5, 39)
(17, 2)
(4, 2)
(17, 3)
(17, 6)
(17, 4)
(4, 12)
(17, 23)
(2, 10)
(13, 13)
(3, 15)
(17, 2)
(3, 53)
(17, 4)
(17, 7)
(13, 13)
(2, 15)
(4, 18)
(17, 2)
(2, 2)
(17, 2)
(17, 2)
(3, 6)
(2, 2)
(17, 15)
(4, 9)
(3, 9)
(4, 3)
(17, 2)
(2, 10)
(4, 28)
(5, 39)
(17, 5)
(3, 10)
(4, 13)
(3, 10)
(4, 12)
(5, 6)
(17, 4)
(3, 2)
(13, 3)
(17, 19)
(4, 2)
(4, 2)
(13, 6)
(13, 2)
(4, 2)
(4, 45)
(2, 21)
(17, 25)
(8, 6)
(13, 15)
(3, 3)
(5, 8)
(17, 4)
(2, 3)
(17, 3)
(17, 3)
(17, 3)
(17, 3)
(17, 4)
(3, 43)
(13, 8)
(3, 13)
(4, 9)
(17, 20)
(13, 57)
(3, 47)
(5, 9)
(17, 3)
(4, 89)
(17, 40)
(2, 4)
(17, 6)
(17, 1)
(8, 2)
(17, 14)
(3, 4)
(13, 26)
(17, 5)
(4, 5)
(4, 4)
(3, 2)
(17, 3)
(17, 11)
(4, 13)
(17, 13)
(13, 65)
(3, 61)
(5, 9)
(4, 9)
(5, 9)
(17, 19)
(17, 2)
(2, 5)
(4, 4)
(13, 2)
(17, 17)
(4, 6)
(17, 43)
(2, 15)
(2, 4)
(3, 8)
(4, 9)
(8, 4)
(13, 28)
(3, 8)
(4, 2)
(17, 4)
(17, 2)
(5, 2)
(17, 2)
(2, 4)
(17, 22)
(4, 4)
(4, 6)
(3, 21)
(17, 2)
(4, 9)
(4, 74)
(13, 4)
(13, 5)
(13, 31)
(17, 5)
(4, 5)
(13, 5)
(4, 5)
(4, 14)
(4, 15)
(4, 18)
(4, 39)
(13, 56)
(17, 2)
(4, 16)
(4, 3)
(4, 2)
(3, 6)
(17, 6)
(13, 42)
(3, 82)
(17, 5)
(4, 2)
(4, 18)
(4, 11)
(3, 10)
(13, 30)
(17, 40)
(4, 6)
(4, 8)
(4, 6)
(4, 6)
(17, 12)
(5, 2)
(17, 2)
(17, 2)
(4, 16)
(4, 2)
(4, 2)
(4, 47)
(17, 8)
(17, 15)
(4, 8)
(17, 6)
(4, 2)
(17, 4)
(3, 7)
(4, 3)
(3, 18)
(4, 4)
(5, 4)
(4, 5)
(17, 2)
(17, 4)
(4, 4)
(3, 5)
(4, 9)
(17, 17)
(17, 17)
(3, 10)
(4, 10)
(13, 3)
(2, 6)
(2, 12)
(3, 2)
(3, 9)
(4, 3)
(4, 2)
(5, 4)
(2, 4)
(17, 4)
(4, 4)
(4, 6)
(4, 7)
(17, 2)
(17, 1)
(4, 10)
(2, 6)
(13, 11)
(17, 10)
(4, 14)
(13, 22)
(2, 4)
(4, 47)
(4, 25)
(13, 11)
(3, 19)
(13, 10)
(17, 2)
(4, 2)
(4, 2)
(17, 12)
(13, 2)
(4, 58)
(3, 4)
(4, 3)
(4, 26)
(2, 2)
(17, 6)
(8, 1)
(13, 20)
(5, 9)
(4, 5)
(17, 4)
(17, 3)
(4, 13)
(5, 2)
(3, 4)
(17, 5)
(17, 11)
(17, 35)
(17, 2)
(5, 16)
(5, 6)
(17, 4)
(3, 3)
(4, 6)
(17, 4)
(3, 4)
(13, 2)
(3, 123)
(8, 2)
(17, 6)
('requests', 'commit_size', 'Pearsonr', -0.07229071912890604, 0.0024574441919490665)
Dynamic typing,commit_size
(2, 4)
(3, 2)
(8, 8)
(6, 103)
(14, 15)
(2, 4)
(2, 184)
(2, 242)
(4, 384)
(3, 5)
(8, 5)
(3, 392)
(2, 25)
(6, 10)
(2, 2)
(2, 71)
(4, 13)
(4, 160)
(6, 77)
(26, 68)
(7, 126)
(6, 20)
(2, 110)
(3, 5)
(2, 2)
(2, 2)
(6, 2)
(6, 2)
(2, 2)
(2, 267)
(2, 267)
(2, 2)
(7, 58)
(2, 4)
(2, 2)
(7, 58)
(2, 4)
(2, 4)
(2, 5)
(6, 2)
(2, 2)
(13, 9)
(2, 62)
(3, 23)
(2, 88)
(3, 57)
(2, 147)
(4, 15)
(2, 26)
(2, 104)
(4, 21)
(10, 479)
(6, 223)
(4, 532)
(2, 23)
(7, 82)
(8, 359)
(6, 344)
(2, 66)
(26, 17)
(6, 11)
(6, 67)
(2, 28)
(13, 61)
(10, 89)
(4, 399)
(2, 106)
(3, 10)
(4, 7)
(2, 583)
(4, 5)
(2, 68)
(16, 148)
(2, 321)
(2, 4)
(6, 2)
(2, 2)
(2, 21)
(2, 83)
(2, 42)
(2, 49)
(2, 3)
(4, 4)
(3, 2)
(2, 61)
(6, 2)
(6, 2)
(6, 34)
(2, 5)
(6, 4)
(6, 2)
(6, 34)
(6, 4)
(2, 4)
(2, 7)
(2, 23)
(2, 3)
(2, 31)
(5, 67)
(4, 52)
(2, 17)
(4, 5)
(8, 18)
(2, 67)
(2, 23)
(4, 5)
(14, 2)
(2, 18)
(17, 13)
(2, 19)
(4, 4)
(13, 35)
(8, 9)
(8, 10)
(2, 75)
(4, 7)
(2, 6)
(8, 131)
(5, 3)
(2, 33)
(16, 64)
(18, 6)
(2, 4)
(2, 12)
(2, 5)
(3, 17)
(3, 11)
(13, 2)
(2, 2)
(3, 16)
(14, 21)
(2, 126)
(2, 53)
(6, 23)
(2, 8)
(2, 36)
(2, 26)
(2, 4)
(4, 43)
(6, 548)
(2, 8)
(13, 2)
(8, 47)
(4, 65)
(2, 12)
(2, 22)
(3, 147)
(4, 112)
(2, 328)
(7, 336)
(3, 20)
(6, 110)
(2, 6)
(2, 337)
(2, 52)
(6, 10)
(26, 52)
(3, 2)
(2, 18)
(6, 2)
(3, 4)
(3, 16)
(2, 2)
(6, 3)
(6, 20)
(2, 4)
(3, 16)
(2, 126)
(6, 548)
(2, 337)
(2, 20)
(13, 2)
(2, 53)
(14, 21)
(4, 112)
(2, 8)
(2, 36)
(2, 26)
(2, 4)
(4, 43)
(2, 8)
(8, 47)
(4, 65)
(2, 328)
(7, 336)
(6, 110)
(2, 6)
(2, 52)
(3, 147)
(6, 10)
(26, 52)
(3, 16)
(14, 21)
(2, 126)
(2, 3)
(2, 53)
(6, 57)
(2, 36)
(2, 26)
(2, 4)
(2, 4)
(2, 8)
(4, 43)
(6, 110)
(6, 548)
(2, 8)
(13, 2)
(8, 47)
(4, 65)
(2, 12)
(2, 42)
(3, 147)
(4, 112)
(2, 328)
(7, 336)
(3, 20)
(2, 6)
(2, 337)
(2, 7)
(2, 52)
(6, 10)
(26, 70)
(2, 4)
(2, 4)
(8, 7)
(2, 24)
(10, 22)
(2, 4)
(2, 6)
(2, 196)
(4, 176)
(2, 139)
(2, 213)
(10, 1086)
(2, 500)
(2, 630)
(8, 479)
(2, 12)
(4, 141)
(4, 80)
(4, 52)
(2, 52)
(6, 226)
(2, 102)
(3, 264)
(3, 4)
(4, 2)
(2, 13)
(6, 57)
(2, 10)
(7, 53)
(4, 4)
(2, 55)
(2, 4)
(2, 77)
(2, 46)
(2, 68)
(2, 3)
(2, 14)
(2, 11)
(2, 134)
(3, 67)
(4, 3)
(2, 3)
(2, 3)
(2, 13)
(2, 4)
(6, 7)
(11, 599)
(2, 3)
(13, 6)
(6, 1)
(6, 1)
(2, 10)
(26, 2)
(14, 1)
(2, 8)
(2, 53)
(2, 14)
(8, 11)
(2, 2)
(7, 297)
(2, 76)
(2, 60)
(4, 24)
(2, 9)
(2, 16)
(8, 16)
(4, 31)
(2, 1)
(2, 121)
(4, 93)
(6, 242)
(4, 47)
(2, 173)
(2, 11)
(26, 88)
(2, 35)
(5, 62)
(8, 82)
(2, 26)
(6, 79)
(2, 123)
(13, 315)
(10, 460)
(4, 670)
(2, 151)
(2, 318)
(3, 31)
(2, 272)
(4, 18)
(2, 32)
(2, 4)
(2, 12)
(4, 31)
(2, 9)
(8, 11)
(2, 2)
(7, 297)
(2, 76)
(2, 60)
(4, 24)
(2, 14)
(2, 16)
(8, 16)
(2, 1)
(2, 121)
(4, 93)
(6, 242)
(4, 47)
(2, 173)
(2, 11)
(26, 88)
(2, 35)
(5, 62)
(8, 82)
(2, 2)
(4, 4)
(4, 10)
(2, 9)
(4, 8)
(2, 8)
(6, 873)
(2, 149)
(2, 383)
(17, 416)
(4, 54)
(2, 848)
(3, 259)
(2, 252)
(2, 2)
(3, 3)
(2, 3)
(2, 3)
(2, 2)
(6, 462)
(2, 4)
(2, 102)
(13, 8)
(8, 9)
(2, 35)
(2, 103)
(2, 40)
(2, 10)
(4, 8)
(2, 26)
(4, 8)
(3, 53)
(2, 168)
(8, 188)
(4, 249)
(4, 125)
(26, 34)
(7, 76)
(2, 2)
(4, 337)
(4, 410)
(2, 198)
(2, 178)
(2, 7)
(2, 4)
(26, 2)
(2, 2)
(2, 177)
(27, 2170)
(2, 364)
(6, 380)
(9, 178)
(10, 200)
(4, 127)
(4, 136)
(5, 317)
(18, 552)
(2, 76)
(3, 435)
(2, 1097)
(2, 506)
(2, 265)
(2, 242)
(3, 174)
(2, 156)
(6, 709)
(2, 161)
(2, 133)
(2, 211)
(13, 1297)
(6, 706)
(2, 78)
(8, 473)
(2, 332)
(2, 296)
(2, 85)
(20, 1027)
(2, 78)
(2, 89)
(2, 320)
(2, 230)
(2, 123)
(16, 1465)
(2, 396)
(3, 308)
(2, 98)
(2, 300)
(3, 103)
(4, 475)
(8, 840)
(4, 761)
(13, 234)
(5, 153)
(5, 553)
(3, 385)
(5, 368)
(4, 368)
(2, 782)
(2, 534)
(14, 1227)
(4, 274)
(4, 792)
(6, 166)
(2, 217)
(5, 199)
(2, 367)
(2, 83)
(4, 572)
(4, 173)
(2, 303)
(3, 458)
(4, 219)
(2, 197)
(3, 213)
(14, 1507)
(9, 201)
(7, 1167)
(2, 166)
(2, 384)
(2, 288)
(2, 352)
(6, 2)
(4, 587)
(3, 114)
(2, 114)
(4, 491)
(5, 533)
(2, 346)
(2, 379)
(12, 458)
(2, 326)
(2, 451)
(4, 263)
(6, 687)
(2, 861)
(2, 601)
(2, 241)
(2, 430)
(4, 461)
(3, 666)
(12, 517)
(5, 505)
(7, 340)
(90, 1639)
(2, 445)
(6, 209)
(10, 342)
(2, 317)
(2, 583)
(3, 275)
(8, 236)
(2, 155)
(2, 392)
(2, 258)
(2, 409)
(6, 252)
(4, 330)
(2, 100)
(4, 422)
(6, 435)
(4, 281)
(5, 747)
(2, 85)
(8, 472)
(2, 446)
(5, 382)
(4, 700)
(4, 147)
(2, 639)
(4, 427)
(6, 30)
(2, 253)
(2, 357)
(2, 78)
(2, 307)
(10, 733)
(6, 1102)
(3, 96)
(3, 184)
(2, 350)
(2, 88)
(2, 338)
(4, 444)
(4, 637)
(2, 122)
(5, 162)
(26, 4)
(2, 3)
(2, 423)
(14, 6)
(3, 275)
(4, 219)
(3, 144)
(6, 16)
(14, 1507)
(9, 178)
(3, 31)
(8, 44)
(6, 578)
(2, 352)
(6, 182)
(4, 587)
(3, 184)
(4, 14)
(2, 346)
(2, 379)
(2, 28)
(4, 468)
(2, 241)
(6, 121)
(2, 18)
(2, 429)
(2, 224)
(2, 1097)
(4, 228)
(3, 103)
(2, 451)
(2, 506)
(8, 583)
(2, 244)
(2, 13)
(13, 234)
(2, 307)
(5, 31)
(26, 305)
(4, 199)
(2, 23)
(2, 32)
(2, 430)
(6, 30)
(6, 191)
(2, 40)
(2, 25)
(4, 572)
(2, 177)
(12, 134)
(5, 368)
(2, 83)
(4, 368)
(7, 80)
(2, 78)
(2, 14)
(2, 307)
(6, 2)
(14, 1227)
(4, 4)
(4, 2)
(10, 342)
(6, 166)
(2, 7)
(4, 311)
(2, 85)
(2, 161)
(2, 22)
(8, 11)
(13, 479)
(27, 202)
(2, 15)
(10, 733)
(2, 338)
(4, 32)
(4, 637)
(5, 162)
(2, 303)
(4, 2)
(4, 15)
(2, 288)
(6, 266)
(26, 2)
(26, 2)
(5, 18)
(2, 6)
(26, 2)
(2, 11)
(6, 17)
(2, 4)
(7, 6)
(2, 28)
(2, 2)
(4, 14)
(2, 17)
(26, 18)
(2, 22)
(2, 83)
(2, 161)
(6, 17)
(2, 4)
(7, 6)
(2, 28)
(2, 2)
(4, 14)
(2, 17)
(26, 18)
(2, 22)
(2, 451)
(9, 178)
(3, 184)
(2, 15)
(3, 115)
(4, 216)
(2, 31)
(2, 207)
(2, 224)
(2, 23)
(8, 293)
(4, 86)
(13, 407)
(2, 109)
(8, 3)
(3, 4)
(4, 79)
(6, 157)
(7, 5)
(6, 473)
(2, 27)
(2, 79)
(26, 233)
(4, 2)
(4, 2)
(4, 637)
(14, 1227)
(4, 587)
(2, 338)
(4, 572)
(10, 342)
(2, 303)
(2, 1097)
(10, 733)
(14, 1507)
(2, 379)
(2, 1097)
(10, 733)
(14, 1507)
(2, 379)
(4, 21)
(4, 21)
(2, 2)
(2, 14)
(26, 4)
(26, 4)
(2, 14)
(5, 8)
(6, 21)
(2, 33)
(2, 436)
(6, 121)
(2, 19)
(4, 8)
(3, 41)
(2, 13)
(2, 54)
(4, 106)
(8, 382)
(4, 136)
(26, 28)
(2, 24)
(2, 17)
(13, 2)
(26, 2)
(6, 40)
(2, 182)
(8, 44)
(2, 458)
(14, 6)
(2, 15)
(2, 8)
(2, 173)
(4, 18)
(4, 173)
(2, 218)
(26, 6)
(8, 157)
(2, 20)
(2, 68)
(4, 2)
(7, 44)
(2, 2)
(6, 28)
(8, 44)
(2, 458)
(2, 15)
(2, 8)
(2, 173)
(4, 2)
(4, 103)
(2, 202)
(8, 157)
(2, 53)
(26, 6)
(7, 44)
(4, 2)
(2, 20)
(2, 6)
(5, 7)
(2, 17)
(2, 17)
(4, 4)
(2, 307)
(2, 2)
(2, 307)
(2, 307)
(4, 22)
(6, 58)
(2, 7)
(6, 166)
(2, 346)
(2, 352)
(5, 370)
(2, 6)
(2, 8)
(2, 2)
(26, 10)
(4, 1)
(8, 3)
(2, 16)
(3, 27)
(2, 14)
(4, 1)
(8, 3)
(2, 16)
(3, 27)
(2, 14)
(14, 336)
(2, 863)
(4, 2019)
(2, 364)
(6, 380)
(6, 205)
(10, 200)
(4, 127)
(4, 136)
(5, 317)
(18, 552)
(2, 185)
(2, 76)
(3, 435)
(4, 645)
(2, 242)
(3, 174)
(5, 497)
(2, 472)
(6, 702)
(2, 446)
(2, 133)
(4, 222)
(2, 211)
(7, 3161)
(2, 120)
(6, 706)
(2, 78)
(8, 473)
(2, 332)
(2, 296)
(2, 89)
(2, 782)
(6, 73)
(2, 320)
(2, 230)
(2, 123)
(6, 1493)
(6, 252)
(16, 1465)
(2, 396)
(13, 589)
(2, 188)
(2, 98)
(3, 308)
(2, 98)
(2, 300)
(4, 475)
(2, 273)
(8, 138)
(8, 840)
(4, 761)
(26, 699)
(2, 254)
(2, 641)
(5, 553)
(3, 467)
(3, 385)
(2, 377)
(2, 534)
(4, 356)
(4, 276)
(4, 792)
(2, 217)
(5, 199)
(2, 110)
(2, 367)
(2, 310)
(4, 144)
(2, 945)
(3, 458)
(2, 197)
(3, 213)
(9, 201)
(7, 1167)
(2, 166)
(13, 1297)
(2, 384)
(2, 253)
(6, 720)
(2, 150)
(3, 114)
(2, 114)
(4, 491)
(5, 533)
(12, 458)
(2, 326)
(4, 263)
(6, 687)
(2, 861)
(2, 601)
(2, 182)
(2, 147)
(2, 677)
(2, 869)
(4, 461)
(2, 409)
(3, 666)
(12, 587)
(7, 340)
(2, 265)
(90, 1639)
(2, 445)
(6, 209)
(8, 322)
(2, 156)
(2, 317)
(2, 289)
(2, 583)
(3, 425)
(8, 236)
(4, 94)
(2, 292)
(2, 155)
(2, 392)
(2, 258)
(3, 273)
(4, 432)
(4, 336)
(2, 100)
(4, 422)
(6, 435)
(4, 281)
(5, 747)
(2, 85)
(8, 472)
(5, 382)
(4, 700)
(20, 1027)
(4, 147)
(2, 639)
(4, 427)
(4, 444)
(5, 153)
(2, 357)
(2, 171)
(2, 78)
(6, 1102)
(2, 193)
(5, 505)
(3, 96)
(2, 350)
(2, 122)
(2, 88)
(27, 2008)
(4, 219)
(2, 241)
(3, 230)
(2, 4)
(4, 1)
(6, 20)
(2, 9)
(4, 211)
(2, 2)
(2, 9)
(2, 4)
(4, 32)
(4, 12)
(2, 6)
(26, 16)
(7, 4)
(13, 31)
(4, 77)
(3, 169)
(2, 430)
(2, 85)
(3, 222)
(13, 234)
(3, 103)
(6, 30)
(6, 10)
(2, 10)
(2, 65)
(4, 103)
(4, 4)
(26, 5)
(4, 5)
(2, 506)
(2, 17)
(27, 202)
(2, 3)
(5, 6)
(2, 15)
(5, 6)
(2, 15)
(2, 6)
(4, 14)
(12, 134)
(4, 2)
(4, 10)
(6, 133)
(2, 2)
(4, 368)
(2, 4)
(4, 2)
(6, 101)
(26, 24)
(2, 52)
(4, 18)
(6, 16)
(2, 7)
(7, 21)
(2, 5)
(4, 43)
(6, 25)
(4, 172)
(13, 107)
(2, 78)
(4, 2)
(5, 162)
(14, 336)
(2, 714)
(4, 1974)
(2, 364)
(6, 380)
(6, 205)
(10, 200)
(4, 127)
(4, 136)
(5, 317)
(18, 552)
(2, 184)
(2, 76)
(3, 435)
(4, 640)
(2, 242)
(3, 174)
(5, 497)
(2, 470)
(6, 690)
(2, 446)
(4, 202)
(2, 211)
(7, 3005)
(2, 120)
(6, 706)
(2, 78)
(8, 473)
(2, 332)
(2, 296)
(2, 89)
(2, 782)
(6, 73)
(2, 320)
(2, 230)
(2, 123)
(6, 1387)
(6, 252)
(16, 1465)
(2, 396)
(13, 549)
(2, 188)
(2, 98)
(3, 308)
(2, 98)
(2, 300)
(4, 475)
(2, 268)
(8, 132)
(8, 840)
(4, 613)
(2, 254)
(2, 592)
(5, 553)
(3, 433)
(3, 385)
(2, 371)
(2, 534)
(4, 352)
(4, 792)
(2, 217)
(5, 199)
(2, 110)
(2, 171)
(2, 367)
(2, 310)
(4, 143)
(2, 326)
(3, 458)
(2, 197)
(3, 213)
(9, 201)
(7, 1167)
(2, 166)
(13, 1297)
(2, 384)
(6, 691)
(2, 150)
(3, 114)
(2, 114)
(4, 491)
(5, 533)
(12, 458)
(2, 944)
(4, 263)
(6, 687)
(2, 861)
(2, 601)
(2, 172)
(2, 147)
(2, 677)
(2, 806)
(4, 461)
(2, 409)
(3, 666)
(7, 340)
(2, 265)
(90, 1639)
(2, 445)
(6, 209)
(8, 322)
(2, 156)
(2, 317)
(2, 289)
(2, 583)
(3, 425)
(8, 236)
(4, 94)
(2, 292)
(2, 155)
(2, 392)
(2, 258)
(3, 273)
(4, 435)
(4, 263)
(2, 100)
(4, 422)
(6, 435)
(4, 281)
(5, 747)
(2, 85)
(8, 472)
(5, 382)
(4, 702)
(20, 1027)
(4, 147)
(2, 639)
(4, 427)
(4, 440)
(2, 253)
(5, 153)
(2, 133)
(2, 357)
(2, 78)
(6, 1102)
(2, 193)
(5, 505)
(3, 96)
(2, 350)
(2, 122)
(2, 88)
(27, 2008)
(2, 4)
(5, 8)
(4, 14)
(4, 6)
(12, 4)
(4, 148)
(12, 587)
(4, 276)
(4, 87)
(4, 6)
(6, 5)
(6, 34)
(4, 9)
(13, 29)
(4, 17)
(2, 55)
(4, 11)
(26, 30)
(2, 7)
(4, 17)
(2, 5)
(4, 4)
(2, 19)
(26, 37)
(2, 19)
(2, 3)
(2, 135)
(2, 18)
(2, 120)
(2, 24)
(5, 6)
(2, 84)
(2, 4)
(2, 284)
(2, 6)
(3, 60)
(14, 2)
(4, 15)
(2, 2)
(2, 23)
(3, 23)
(4, 18)
(3, 3)
(4, 79)
(3, 2)
(6, 2)
(8, 2)
(2, 2)
(4, 109)
(10, 2)
(6, 2)
(2, 2)
(26, 10)
(4, 4)
(6, 1748)
(11, 2)
(2, 23)
(3, 2)
(13, 2)
(3, 2)
(4, 16)
(2, 68)
(11, 70)
(4, 5)
(3, 98)
(6, 2)
(2, 45)
(2, 70)
(4, 21)
(16, 3)
(14, 3)
(2, 4)
(2, 6)
(4, 368)
(8, 2)
(2, 539)
(2, 2)
(2, 6)
(6, 154)
(2, 20)
(5, 52)
(26, 99)
(2, 90)
(2, 2)
(2, 21)
(2, 6)
(8, 4)
(2, 6)
(2, 10)
(2, 34)
(2, 12)
(3, 6)
(2, 2)
(7, 32)
(2, 16)
(12, 151)
(4, 16)
(2, 6)
(2, 21)
(6, 52)
(2, 4)
(6, 13)
(2, 2)
(8, 2)
(2, 2)
(2, 2)
(2, 22)
(3, 191)
(4, 5)
(2, 13)
(2, 2)
(2, 6)
(3, 60)
(14, 2)
(2, 2)
(2, 23)
(3, 23)
(6, 13)
(3, 2)
(6, 2)
(8, 2)
(4, 109)
(10, 2)
(6, 2)
(2, 2)
(4, 4)
(6, 1748)
(11, 2)
(2, 23)
(3, 2)
(2, 2)
(13, 2)
(3, 2)
(4, 16)
(2, 68)
(11, 70)
(4, 5)
(6, 2)
(2, 45)
(2, 70)
(2, 13)
(4, 21)
(8, 4)
(16, 3)
(2, 6)
(4, 18)
(4, 368)
(8, 2)
(2, 12)
(2, 539)
(2, 2)
(2, 6)
(2, 20)
(5, 52)
(26, 99)
(2, 90)
(2, 21)
(2, 6)
(2, 6)
(2, 10)
(2, 34)
(2, 2)
(2, 2)
(7, 32)
(2, 16)
(4, 16)
(2, 6)
(2, 21)
(2, 4)
(2, 2)
(8, 2)
(2, 2)
(2, 2)
(2, 22)
(2, 1)
(2, 6)
(3, 60)
(14, 2)
(2, 2)
(2, 23)
(3, 23)
(6, 13)
(3, 2)
(6, 2)
(8, 2)
(4, 109)
(10, 2)
(6, 2)
(2, 2)
(6, 1748)
(11, 2)
(2, 23)
(3, 2)
(2, 2)
(13, 2)
(3, 2)
(4, 16)
(2, 68)
(11, 70)
(4, 5)
(6, 2)
(2, 45)
(2, 70)
(2, 13)
(4, 21)
(16, 3)
(2, 6)
(4, 18)
(4, 368)
(8, 2)
(2, 12)
(2, 539)
(2, 2)
(2, 6)
(2, 20)
(5, 52)
(26, 99)
(2, 90)
(2, 21)
(2, 6)
(2, 6)
(2, 10)
(2, 34)
(2, 2)
(2, 2)
(7, 32)
(2, 16)
(4, 16)
(2, 6)
(2, 21)
(2, 4)
(2, 2)
(8, 2)
(2, 2)
(2, 2)
(2, 48)
(2, 172)
(4, 96)
(6, 16)
(2, 16)
(11, 70)
(3, 60)
(2, 6)
(2, 23)
(4, 16)
(2, 21)
(2, 90)
(2, 6)
(2, 68)
(2, 2)
(5, 52)
(4, 368)
(2, 9)
(14, 2)
(2, 27)
(3, 10)
(4, 413)
(6, 247)
(2, 258)
(2, 12)
(2, 12)
(2, 3)
(4, 15)
(4, 8)
(4, 95)
(11, 27)
(2, 539)
(13, 67)
(8, 13)
(4, 227)
(10, 1)
(6, 323)
(4, 103)
(2, 15)
(7, 394)
(6, 130)
(2, 17)
(2, 35)
(2, 2)
(3, 169)
(2, 92)
(26, 119)
(4, 8)
(4, 4)
(4, 4)
(2, 239)
(2, 155)
(2, 10)
(4, 213)
(2, 169)
(6, 4)
(4, 1)
(5, 26)
(4, 34)
(4, 2)
(2, 3)
(2, 15)
(2, 3)
(4, 5)
(10, 3)
(2, 12)
(6, 21)
(10, 3)
(2, 3)
(4, 6)
(6, 28)
(2, 15)
(4, 7)
(6, 10)
(2, 3)
(2, 15)
(4, 7)
(2, 129)
(2, 181)
(4, 430)
(4, 389)
(6, 235)
(2, 223)
(10, 784)
(2, 80)
(4, 295)
(3, 13)
(6, 135)
(2, 226)
(6, 1512)
(2, 162)
(2, 250)
(6, 1755)
(5, 740)
(3, 20)
(6, 735)
(6, 698)
(2, 6)
(2, 307)
(4, 700)
(3, 20)
(2, 377)
(5, 738)
(26, 1035)
(4, 2454)
(3, 397)
(2, 137)
(4, 431)
(2, 797)
(2, 466)
(4, 310)
(2, 483)
(2, 156)
(2, 1203)
(2, 257)
(2, 587)
(6, 526)
(12, 937)
(4, 342)
(6, 51)
(4, 13)
(2, 13)
(4, 5)
(2, 54)
(16, 5)
(2, 5)
(2, 51)
(6, 5)
(27, 4)
(3, 8)
(2, 14)
(6, 21)
(4, 12)
(26, 5)
(5, 6)
(2, 6)
(2, 2)
(2, 4)
(2, 23)
(11, 14)
(3, 29)
(4, 27)
(2, 20)
(2, 48)
(2, 20)
(5, 51)
(4, 8)
(2, 2)
(2, 2)
(2, 14)
(2, 3)
(2, 118)
(6, 2)
(2, 2)
(2, 42)
(2, 61)
(2, 20)
(6, 37)
(2, 61)
(2, 20)
(6, 37)
(6, 3)
(2, 2)
(2, 3)
(4, 36)
(2, 3)
(2, 25)
(4, 6)
(4, 22)
(2, 3)
(2, 8)
(3, 4)
(2, 3)
(2, 16)
(4, 4)
(11, 6)
(2, 42)
(2, 3)
(2, 28)
(2, 53)
(5, 19)
(4, 92)
(4, 298)
(4, 96)
(4, 238)
(12, 396)
(4, 369)
(2, 4)
(2, 76)
(3, 172)
(6, 282)
(4, 320)
(2, 13)
(2, 1)
(6, 1)
(4, 298)
(4, 96)
(4, 238)
(12, 396)
(4, 369)
(2, 4)
(2, 76)
(3, 172)
(6, 282)
(4, 320)
(2, 13)
(2, 1)
(6, 1)
(2, 4)
(2, 76)
(6, 1)
(2, 13)
(2, 1)
(2, 6)
(27, 2170)
(2, 364)
(6, 380)
(9, 178)
(10, 200)
(4, 127)
(4, 136)
(5, 317)
(18, 552)
(2, 76)
(3, 435)
(2, 1097)
(2, 252)
(2, 149)
(2, 506)
(90, 1639)
(2, 194)
(2, 265)
(2, 242)
(3, 174)
(2, 156)
(2, 500)
(6, 765)
(2, 446)
(2, 133)
(2, 87)
(2, 318)
(2, 213)
(2, 151)
(6, 707)
(2, 78)
(8, 473)
(2, 848)
(2, 332)
(2, 296)
(2, 85)
(2, 89)
(2, 782)
(2, 320)
(2, 230)
(2, 123)
(16, 1465)
(2, 397)
(2, 383)
(2, 307)
(4, 409)
(3, 308)
(2, 98)
(2, 300)
(16, 465)
(3, 141)
(4, 475)
(2, 316)
(10, 1082)
(8, 840)
(4, 795)
(13, 499)
(10, 460)
(5, 153)
(5, 553)
(17, 416)
(3, 385)
(5, 368)
(4, 368)
(2, 534)
(14, 1227)
(4, 274)
(4, 792)
(6, 166)
(2, 217)
(5, 199)
(2, 213)
(2, 161)
(4, 670)
(2, 367)
(2, 83)
(2, 123)
(4, 572)
(4, 225)
(2, 303)
(3, 458)
(4, 219)
(2, 197)
(3, 213)
(14, 1507)
(9, 201)
(7, 1167)
(2, 166)
(6, 548)
(13, 1297)
(2, 384)
(2, 288)
(4, 587)
(3, 114)
(2, 114)
(4, 491)
(5, 533)
(2, 346)
(2, 379)
(12, 458)
(2, 326)
(2, 352)
(2, 451)
(4, 263)
(6, 687)
(2, 861)
(2, 601)
(4, 176)
(2, 630)
(2, 155)
(2, 430)
(4, 461)
(3, 666)
(12, 517)
(5, 505)
(7, 340)
(3, 278)
(2, 491)
(6, 209)
(2, 200)
(10, 342)
(2, 321)
(2, 317)
(2, 241)
(8, 480)
(10, 733)
(2, 583)
(3, 275)
(8, 236)
(2, 392)
(2, 258)
(2, 409)
(6, 252)
(4, 409)
(2, 163)
(2, 101)
(4, 422)
(6, 436)
(4, 281)
(5, 747)
(2, 85)
(8, 472)
(5, 382)
(4, 700)
(20, 1027)
(2, 337)
(3, 259)
(4, 147)
(2, 639)
(4, 427)
(6, 97)
(2, 253)
(2, 744)
(4, 54)
(2, 196)
(2, 357)
(4, 336)
(2, 78)
(6, 1102)
(3, 96)
(3, 184)
(2, 350)
(2, 88)
(2, 338)
(4, 444)
(4, 637)
(2, 122)
(5, 162)
(6, 6)
(2, 2)
(2, 6)
(6, 4)
(2, 4)
(3, 2)
(2, 2)
(13, 2)
(6, 8)
(2, 6)
(2, 2)
(13, 14)
(2, 4)
(2, 2)
(2, 2)
(20, 18)
(6, 2)
(2, 2)
(8, 2)
(12, 6)
(3, 2)
(6, 2)
(3, 4)
(4, 2)
(7, 8)
(2, 2)
(4, 6)
(13, 6)
(3, 4)
(2, 2)
(2, 4)
(2, 2)
(2, 2)
(4, 2)
(2, 4)
(2, 2)
(2, 6)
(2, 4)
(2, 2)
(2, 2)
(2, 2)
(2, 2)
(2, 2)
(4, 2)
(3, 2)
(10, 2)
(90, 6)
(27, 2)
(6, 2)
(2, 82)
(2, 159)
(6, 2)
(6, 998)
(6, 48)
(4, 491)
(2, 74)
(2, 27)
(2, 125)
(26, 10)
(13, 62)
(3, 2)
(3, 5)
(2, 113)
(3, 85)
(4, 209)
(7, 285)
(2, 5)
(2, 5)
(2, 85)
(8, 6)
(4, 16)
(4, 212)
(6, 40)
(2, 2)
(4, 325)
(8, 17)
(6, 77)
(2, 32)
(2, 177)
(3, 29)
(26, 14)
(2, 32)
(4, 212)
(4, 296)
(3, 2)
(14, 342)
(2, 1246)
(4, 2725)
(2, 416)
(27, 2170)
(2, 364)
(6, 380)
(9, 178)
(6, 213)
(10, 200)
(4, 127)
(4, 136)
(2, 215)
(3, 221)
(5, 317)
(18, 552)
(2, 76)
(3, 435)
(2, 252)
(2, 1097)
(2, 252)
(4, 958)
(2, 506)
(2, 197)
(2, 194)
(2, 242)
(3, 174)
(5, 524)
(4, 229)
(2, 476)
(2, 500)
(6, 765)
(2, 446)
(2, 133)
(4, 252)
(2, 87)
(2, 318)
(2, 213)
(7, 3725)
(2, 120)
(2, 151)
(6, 707)
(2, 78)
(8, 473)
(2, 848)
(2, 332)
(2, 296)
(2, 85)
(2, 89)
(2, 782)
(4, 587)
(6, 93)
(2, 320)
(8, 397)
(2, 230)
(2, 123)
(16, 1465)
(2, 397)
(2, 383)
(13, 937)
(2, 307)
(4, 409)
(11, 599)
(6, 189)
(2, 108)
(3, 308)
(2, 98)
(2, 300)
(16, 465)
(3, 184)
(3, 141)
(4, 475)
(2, 316)
(10, 1082)
(2, 278)
(8, 966)
(8, 840)
(4, 795)
(13, 499)
(10, 460)
(2, 185)
(26, 865)
(2, 254)
(5, 153)
(2, 686)
(5, 553)
(3, 475)
(3, 385)
(5, 368)
(4, 368)
(2, 601)
(2, 534)
(2, 253)
(14, 1227)
(4, 362)
(4, 274)
(4, 792)
(6, 166)
(2, 217)
(5, 199)
(2, 213)
(4, 109)
(2, 174)
(2, 161)
(4, 670)
(8, 298)
(2, 367)
(2, 310)
(2, 83)
(2, 123)
(4, 225)
(2, 303)
(3, 458)
(4, 219)
(3, 213)
(14, 1507)
(9, 201)
(7, 1167)
(2, 166)
(6, 548)
(13, 1297)
(2, 384)
(2, 288)
(10, 479)
(2, 149)
(6, 1064)
(2, 199)
(3, 114)
(2, 114)
(4, 491)
(3, 337)
(5, 533)
(2, 346)
(2, 379)
(12, 458)
(2, 326)
(2, 352)
(2, 451)
(4, 263)
(6, 687)
(2, 861)
(2, 241)
(2, 601)
(2, 418)
(2, 162)
(4, 176)
(2, 677)
(2, 630)
(2, 1289)
(2, 155)
(2, 416)
(4, 461)
(3, 666)
(12, 517)
(5, 505)
(3, 278)
(90, 1639)
(2, 265)
(2, 491)
(6, 209)
(2, 200)
(10, 342)
(2, 321)
(2, 156)
(2, 317)
(2, 289)
(8, 480)
(10, 733)
(2, 583)
(2, 92)
(3, 275)
(3, 1182)
(8, 236)
(2, 295)
(2, 392)
(2, 258)
(2, 430)
(3, 282)
(6, 2022)
(4, 732)
(2, 409)
(6, 252)
(4, 409)
(2, 163)
(2, 101)
(4, 422)
(6, 436)
(4, 281)
(5, 747)
(2, 85)
(8, 472)
(5, 382)
(4, 700)
(20, 1027)
(2, 337)
(3, 259)
(4, 147)
(2, 639)
(4, 427)
(6, 97)
(4, 444)
(17, 416)
(2, 744)
(4, 572)
(4, 54)
(2, 196)
(2, 357)
(2, 218)
(2, 347)
(4, 336)
(2, 78)
(6, 1102)
(2, 198)
(3, 96)
(2, 350)
(7, 340)
(2, 88)
(11, 1639)
(2, 1096)
(2, 338)
(4, 637)
(2, 122)
(5, 162)
(2, 2)
(2, 2)
(2, 2)
(3, 3)
(2, 30)
(2, 27)
(6, 114)
(4, 72)
(4, 402)
(2, 8)
(2, 4)
(6, 2)
(2, 2)
(6, 57)
(6, 57)
(6, 57)
(2, 3)
(6, 184)
(6, 184)
(6, 184)
(2, 2)
(16, 39)
(13, 4)
(3, 5)
(2, 4)
(3, 474)
(4, 59)
(2, 212)
(6, 5)
(2, 4)
(7, 169)
(2, 6)
(2, 15)
(6, 4)
(4, 5)
(11, 1639)
(2, 3)
(8, 20)
(4, 122)
(2, 7)
(6, 11)
(2, 8)
(2, 54)
(3, 88)
(26, 20)
(4, 180)
(6, 3)
(2, 4)
(2, 194)
(6, 100)
(2, 6)
(7, 4)
(3, 56)
(2, 49)
(4, 6)
(4, 9)
(2, 9)
(4, 113)
(6, 29)
(2, 8)
(8, 14)
(4, 194)
(2, 2)
(27, 4)
(6, 22)
(2, 169)
(2, 32)
(2, 3)
(26, 330)
(2, 152)
(4, 160)
(2, 53)
(7, 270)
(13, 29)
(8, 34)
(2, 2)
(4, 2)
(2, 1)
(2, 1)
(6, 23)
(4, 1)
(13, 21)
(2, 35)
(2, 30)
(4, 139)
(2, 32)
(4, 4)
(7, 6)
(2, 76)
(2, 861)
(2, 258)
(2, 78)
(2, 122)
(2, 2)
(14, 273)
(2, 233)
(4, 1535)
(2, 328)
(6, 194)
(10, 200)
(5, 316)
(18, 550)
(3, 435)
(4, 524)
(2, 265)
(2, 241)
(3, 174)
(5, 479)
(2, 37)
(2, 211)
(7, 1955)
(2, 118)
(6, 703)
(8, 453)
(2, 332)
(6, 73)
(2, 88)
(8, 277)
(2, 230)
(6, 1070)
(6, 252)
(16, 1465)
(2, 395)
(3, 308)
(2, 97)
(2, 300)
(4, 474)
(2, 269)
(8, 106)
(8, 840)
(2, 551)
(5, 553)
(2, 253)
(3, 385)
(2, 303)
(2, 533)
(4, 792)
(2, 216)
(5, 199)
(4, 66)
(2, 62)
(2, 364)
(2, 651)
(2, 197)
(3, 213)
(9, 201)
(6, 425)
(3, 114)
(2, 114)
(5, 533)
(12, 457)
(2, 312)
(4, 263)
(6, 664)
(2, 599)
(2, 169)
(2, 106)
(2, 8)
(2, 614)
(4, 451)
(3, 664)
(7, 339)
(90, 1636)
(6, 208)
(2, 156)
(2, 317)
(2, 253)
(2, 578)
(3, 312)
(8, 226)
(2, 292)
(2, 386)
(2, 409)
(4, 422)
(6, 435)
(5, 744)
(2, 85)
(2, 446)
(20, 1024)
(4, 146)
(2, 638)
(4, 427)
(4, 161)
(5, 152)
(2, 134)
(2, 357)
(2, 103)
(2, 78)
(6, 1102)
(3, 94)
(2, 350)
(4, 440)
(2, 88)
(27, 1976)
(2, 32)
(2, 4)
(3, 2)
(2, 7)
(2, 2)
(2, 3)
(3, 2)
(4, 67)
(2, 4)
(4, 17)
(6, 9)
(2, 1)
(2, 1)
(13, 10)
(3, 22)
(4, 25)
(3, 2)
(4, 60)
(2, 5)
(2, 2)
(4, 114)
(2, 2)
(4, 32)
(2, 10)
(2, 2)
(7, 14)
(2, 1)
(6, 75)
(2, 5)
(2, 63)
(2, 64)
(6, 2)
(4, 25)
(3, 22)
(6, 2)
(6, 2)
(2, 1)
(2, 11)
(3, 429)
(2, 188)
(4, 347)
(2, 2)
(5, 2)
(6, 10)
(14, 350)
(2, 714)
(4, 1963)
(2, 364)
(6, 380)
(6, 207)
(10, 200)
(4, 127)
(5, 317)
(18, 552)
(2, 184)
(3, 435)
(4, 548)
(2, 242)
(3, 174)
(5, 477)
(2, 428)
(2, 446)
(2, 134)
(4, 201)
(2, 211)
(7, 2999)
(2, 119)
(6, 706)
(8, 473)
(2, 332)
(2, 296)
(6, 73)
(2, 89)
(2, 782)
(8, 325)
(2, 230)
(6, 1376)
(6, 252)
(16, 1465)
(2, 395)
(13, 515)
(2, 80)
(3, 308)
(2, 98)
(2, 300)
(4, 475)
(2, 268)
(8, 132)
(8, 840)
(2, 251)
(2, 582)
(5, 553)
(3, 385)
(2, 340)
(2, 534)
(2, 253)
(4, 792)
(2, 217)
(5, 199)
(4, 93)
(2, 110)
(2, 367)
(2, 310)
(2, 821)
(3, 458)
(2, 197)
(3, 213)
(9, 201)
(13, 1297)
(6, 691)
(2, 150)
(3, 114)
(2, 114)
(4, 491)
(5, 533)
(12, 458)
(2, 326)
(4, 263)
(6, 664)
(2, 601)
(2, 168)
(2, 147)
(2, 675)
(2, 744)
(4, 461)
(2, 387)
(3, 666)
(7, 340)
(2, 265)
(90, 1639)
(6, 209)
(2, 156)
(2, 317)
(2, 289)
(2, 583)
(3, 425)
(8, 226)
(2, 292)
(2, 155)
(3, 273)
(4, 434)
(2, 409)
(4, 422)
(6, 435)
(5, 747)
(2, 85)
(8, 472)
(5, 382)
(4, 702)
(20, 1027)
(4, 147)
(2, 639)
(4, 427)
(4, 440)
(5, 153)
(2, 357)
(2, 150)
(2, 78)
(6, 1102)
(2, 193)
(5, 505)
(3, 96)
(2, 350)
(2, 88)
(27, 2008)
(2, 21)
(2, 25)
(2, 4)
(2, 4)
(4, 198)
(4, 138)
(4, 613)
(2, 445)
(6, 685)
(2, 320)
(2, 1)
(7, 2)
(4, 2)
(8, 1)
(2, 1)
(2, 2)
(2, 1)
(14, 48)
(4, 19)
(2, 22)
(2, 130)
(2, 30)
(4, 3)
(4, 3)
(2, 10)
(4, 26)
(2, 6)
(13, 9)
(6, 10)
(2, 52)
(8, 57)
(4, 8)
(2, 2)
(2, 1)
(7, 6)
(6, 4)
(2, 4)
(2, 38)
(7, 11)
(4, 281)
(2, 383)
(7, 1168)
(4, 136)
(2, 166)
(2, 123)
(2, 96)
(2, 4)
(2, 11)
(2, 1)
(2, 39)
(2, 2)
(5, 70)
(2, 4)
(2, 2)
(2, 2)
(2, 4)
(6, 6)
(8, 27)
(2, 42)
(2, 2)
(6, 43)
(2, 7)
(8, 27)
(2, 42)
(2, 2)
(6, 43)
(2, 7)
(2, 9)
(2, 32)
(2, 11)
(2, 2)
(7, 45)
(6, 12)
(4, 14)
(6, 12)
(4, 14)
(2, 23)
(27, 30)
(14, 40)
(3, 48)
(4, 524)
(4, 26)
(2, 80)
(2, 88)
(2, 99)
(4, 11)
(8, 28)
(4, 110)
(2, 35)
(13, 63)
(6, 41)
(2, 242)
(8, 1)
(4, 434)
(2, 2)
(2, 5)
(6, 263)
(7, 659)
(2, 180)
(6, 279)
(2, 24)
(2, 30)
(3, 273)
(2, 282)
(14, 40)
(3, 48)
(4, 516)
(2, 165)
(4, 26)
(2, 80)
(2, 57)
(2, 99)
(4, 11)
(4, 105)
(2, 8)
(13, 18)
(6, 41)
(2, 242)
(4, 245)
(2, 2)
(6, 263)
(7, 102)
(8, 26)
(6, 279)
(2, 3)
(2, 30)
(3, 261)
(2, 264)
(14, 40)
(3, 48)
(4, 516)
(2, 165)
(4, 26)
(2, 80)
(2, 57)
(2, 99)
(4, 11)
(4, 105)
(2, 8)
(13, 18)
(6, 41)
(2, 242)
(4, 245)
(2, 2)
(6, 263)
(7, 102)
(8, 26)
(6, 279)
(2, 3)
(2, 30)
(3, 261)
(2, 264)
(6, 1)
(6, 2)
(5, 66)
(2, 8)
(5, 2)
(2, 4)
(18, 15)
(2, 4)
(3, 4)
(2, 2)
(4, 3)
(20, 49)
(90, 31)
(4, 42)
(5, 5)
(3, 10)
(5, 5)
(2, 4)
(2, 4)
(2, 2)
(2, 1)
(12, 1)
(4, 1)
(2, 1)
(2, 1)
(4, 1)
(2, 2)
(4, 1)
(4, 3)
(2, 1)
(2, 1)
(5, 1)
(2, 1)
(6, 9)
(2, 1)
(8, 1)
(8, 2)
(2, 1)
(13, 2)
(7, 1)
(2, 2)
(4, 38)
(2, 11)
(6, 55)
(2, 137)
(2, 8)
(2, 24)
(2, 62)
(2, 102)
(4, 29)
(8, 51)
(6, 2)
(6, 380)
(2, 296)
(2, 155)
(5, 382)
(4, 128)
(8, 472)
(13, 1297)
(2, 782)
(6, 4)
(2, 123)
(4, 1)
(4, 1)
(4, 863)
(2, 2)
(2, 16)
(2, 16)
(2, 13)
(2, 123)
(5, 505)
(3, 458)
(4, 702)
(4, 490)
(2, 10)
(2, 16)
(2, 10)
(27, 18)
(14, 338)
(2, 616)
(4, 1677)
(2, 328)
(10, 200)
(2, 184)
(4, 516)
(5, 477)
(2, 428)
(2, 446)
(4, 211)
(7, 2562)
(2, 118)
(8, 453)
(2, 332)
(8, 324)
(2, 230)
(6, 1257)
(6, 252)
(2, 395)
(13, 452)
(2, 268)
(8, 108)
(2, 251)
(5, 152)
(2, 621)
(3, 385)
(2, 327)
(4, 792)
(2, 96)
(2, 364)
(2, 310)
(2, 741)
(9, 201)
(6, 524)
(2, 150)
(5, 533)
(2, 312)
(6, 664)
(2, 168)
(2, 119)
(2, 700)
(4, 451)
(2, 409)
(90, 1636)
(6, 208)
(2, 317)
(2, 267)
(2, 580)
(3, 395)
(8, 226)
(4, 82)
(2, 292)
(4, 422)
(6, 435)
(4, 146)
(2, 638)
(2, 134)
(2, 151)
(6, 1102)
(2, 193)
(2, 350)
(27, 1988)
(2, 39)
(2, 39)
(18, 1)
(2, 1)
(6, 2)
(4, 2)
(2, 2)
(2, 3)
(2, 185)
(2, 1)
(4, 7)
(3, 3)
(3, 21)
(7, 3)
(6, 1)
(2, 3)
(20, 47)
(2, 7)
(5, 4)
(3, 1)
(4, 13)
(90, 28)
(5, 9)
(5, 3)
(6, 2)
(8, 4)
(5, 2)
(2, 8)
(8, 33)
(2, 1)
(2, 1)
(2, 310)
(2, 114)
(4, 22)
(14, 151)
(2, 37)
(13, 2)
(13, 2)
(2, 23)
(2, 18)
(2, 8)
(5, 2)
(14, 336)
(2, 714)
(4, 1974)
(2, 364)
(6, 380)
(6, 205)
(10, 200)
(4, 136)
(5, 317)
(2, 186)
(2, 76)
(4, 672)
(2, 242)
(5, 497)
(2, 470)
(4, 127)
(6, 697)
(2, 446)
(2, 133)
(4, 202)
(7, 3005)
(2, 120)
(6, 706)
(2, 78)
(8, 473)
(2, 296)
(2, 332)
(2, 89)
(2, 320)
(2, 230)
(2, 123)
(6, 252)
(2, 396)
(2, 188)
(20, 1027)
(2, 98)
(2, 98)
(4, 475)
(2, 268)
(8, 132)
(18, 552)
(4, 613)
(2, 254)
(2, 592)
(3, 433)
(3, 385)
(2, 782)
(2, 371)
(2, 534)
(4, 352)
(4, 792)
(2, 217)
(4, 94)
(2, 110)
(2, 367)
(2, 310)
(4, 142)
(3, 458)
(9, 201)
(7, 1167)
(2, 166)
(13, 1297)
(2, 384)
(6, 691)
(2, 150)
(4, 491)
(5, 533)
(12, 458)
(2, 326)
(6, 687)
(2, 861)
(2, 601)
(2, 172)
(2, 147)
(2, 677)
(2, 806)
(4, 461)
(3, 666)
(7, 340)
(90, 1639)
(2, 445)
(6, 209)
(8, 322)
(2, 317)
(2, 289)
(2, 583)
(3, 425)
(8, 236)
(2, 292)
(2, 155)
(2, 392)
(2, 258)
(3, 273)
(6, 1387)
(4, 435)
(2, 409)
(4, 263)
(2, 100)
(4, 422)
(6, 435)
(4, 281)
(5, 747)
(2, 85)
(8, 472)
(5, 382)
(4, 702)
(4, 147)
(2, 639)
(4, 440)
(13, 549)
(5, 153)
(2, 171)
(6, 1102)
(2, 193)
(5, 505)
(3, 96)
(2, 350)
(2, 944)
(27, 2008)
(2, 122)
(2, 88)
(6, 2)
(5, 2)
(6, 3)
(2, 34)
(2, 251)
(2, 118)
(2, 37)
(2, 8)
(2, 269)
(2, 292)
(5, 479)
(3, 129)
(4, 296)
(6, 349)
(2, 162)
(2, 118)
(2, 37)
(2, 8)
(2, 269)
(2, 292)
(5, 479)
(2, 27)
(4, 408)
(2, 48)
(2, 1)
(8, 48)
(8, 4)
(4, 52)
(7, 919)
(2, 74)
(2, 92)
(13, 452)
(6, 116)
(2, 54)
(2, 472)
(4, 22)
(2, 114)
(14, 151)
(2, 2)
(4, 2)
(14, 273)
(2, 233)
(4, 1535)
(2, 328)
(6, 194)
(10, 200)
(5, 316)
(18, 550)
(3, 435)
(4, 524)
(2, 265)
(2, 241)
(3, 174)
(5, 479)
(2, 37)
(2, 211)
(7, 1955)
(2, 118)
(6, 703)
(8, 453)
(2, 332)
(6, 73)
(2, 88)
(8, 277)
(2, 230)
(6, 1070)
(6, 252)
(16, 1465)
(2, 395)
(3, 308)
(2, 97)
(2, 300)
(4, 474)
(2, 269)
(8, 106)
(8, 840)
(2, 551)
(5, 553)
(2, 253)
(3, 385)
(2, 303)
(2, 533)
(4, 792)
(2, 216)
(5, 199)
(4, 66)
(2, 62)
(2, 364)
(2, 651)
(2, 197)
(3, 213)
(9, 201)
(6, 425)
(3, 114)
(2, 114)
(5, 533)
(12, 457)
(2, 312)
(4, 263)
(6, 664)
(2, 599)
(2, 169)
(2, 106)
(2, 8)
(2, 614)
(4, 451)
(3, 664)
(7, 339)
(90, 1636)
(6, 208)
(2, 156)
(2, 317)
(2, 253)
(2, 578)
(3, 312)
(8, 226)
(2, 292)
(2, 386)
(2, 409)
(4, 422)
(6, 435)
(5, 744)
(2, 85)
(2, 446)
(20, 1024)
(4, 146)
(2, 638)
(4, 427)
(4, 161)
(5, 152)
(2, 134)
(2, 357)
(2, 103)
(2, 78)
(6, 1102)
(3, 94)
(2, 350)
(4, 440)
(2, 88)
(27, 1976)
(2, 2)
(2, 5)
(6, 4)
(2, 4)
(2, 2)
('models', 'commit_size', 'Pearsonr', 0.28005720427660663, 4.0955739449701536e-55)
Dynamic typing,commit_size
(3, 3)
(5, 1)
(5, 11)
(10, 8)
(4, 162)
(10, 290)
(2, 123)
(14, 21)
(8, 17)
(6, 384)
(4, 8)
(2, 31)
(10, 6)
(2, 1)
(5, 4)
(8, 11)
(10, 170)
(8, 2)
(2, 4)
(2, 4)
(4, 25)
(2, 4)
(16, 30)
(2, 41)
(2, 4)
(2, 4)
(10, 25)
(2, 41)
(2, 324)
(8, 268)
(2, 1)
(4, 18)
(4, 2)
(10, 15)
(2, 206)
(16, 180)
(2, 92)
(2, 2)
(2, 4)
(4, 12)
(2, 33)
(2, 2)
(8, 187)
(2, 73)
(4, 120)
(2, 3)
(2, 29)
(5, 7)
(2, 3)
(2, 141)
(8, 2)
(6, 6)
(6, 83)
(5, 162)
(8, 4)
(14, 82)
(2, 2)
(3, 16)
(4, 2)
(4, 534)
(2, 30)
(2, 94)
(2, 2)
(8, 12)
(2, 106)
(8, 832)
(2, 8)
(2, 103)
(2, 100)
(2, 20)
(2, 13)
(3, 4)
(19, 74)
(10, 152)
(3, 13)
(10, 3)
(2, 10)
(14, 5)
(16, 11)
(2, 5)
(19, 49)
(8, 10)
(10, 8)
(4, 2)
(4, 184)
(2, 20)
(8, 10)
(4, 2)
(8, 13)
(10, 65)
(14, 17)
(4, 14)
(19, 28)
(2, 6)
(16, 8)
(2, 2)
(2, 2)
(2, 17)
(4, 7)
(2, 8)
(4, 2)
(2, 15)
(2, 124)
(4, 13)
(8, 10)
(2, 2)
(2, 6)
(2, 8)
(2, 15)
(2, 124)
(2, 2)
(2, 6)
(4, 10)
(6, 14)
(2, 3)
(5, 3)
(2, 2)
(2, 13)
(2, 2)
(2, 3)
(2, 2)
(2, 11)
(2, 4)
(8, 159)
(2, 30)
(8, 1)
(6, 4)
(3, 5)
(2, 6)
(8, 2)
(4, 50)
(10, 5)
(2, 2)
(6, 2)
(14, 2)
(2, 2)
(2, 2)
(4, 159)
(4, 20)
(8, 284)
(10, 4)
(2, 2)
(19, 10)
(2, 62)
(3, 11)
(8, 109)
(10, 25)
(6, 3)
(2, 1)
(16, 4)
(19, 13)
(2, 1)
(10, 4)
(4, 139)
(4, 46)
(4, 104)
(16, 128)
(2, 19)
(8, 181)
(10, 30)
(14, 3)
(4, 69)
(2, 7)
(16, 43)
(2, 28)
(4, 34)
(10, 53)
(2, 1)
(2, 8)
(16, 31)
(2, 13)
(4, 40)
(6, 6)
(2, 145)
(8, 416)
(19, 24)
(2, 4)
(16, 3)
(2, 14)
(2, 2)
(2, 9)
(2, 2)
(10, 2)
(2, 13)
(6, 50)
(2, 6)
(2, 8)
(19, 1)
(14, 56)
(2, 8)
(4, 54)
(2, 57)
(10, 7)
(8, 2)
(5, 12)
(2, 8)
(5, 12)
(8, 13)
(2, 8)
(4, 16)
(8, 17)
(6, 4)
(14, 4)
(2, 63)
(2, 15)
(16, 2)
(10, 2)
(2, 69)
(5, 166)
(2, 94)
(5, 4)
(2, 106)
(8, 9)
(2, 109)
(2, 2)
(2, 8)
(8, 4)
(6, 6)
(2, 2)
(2, 2)
(16, 55)
(2, 2)
(8, 32)
(4, 2)
(5, 3)
(2, 8)
(3, 12)
(2, 2)
(8, 98)
(2, 2)
(3, 8)
(10, 4)
(8, 28)
(2, 4)
(3, 8)
(10, 4)
(4, 32)
(8, 6)
(8, 4)
(5, 3)
(2, 2)
(2, 2)
(3, 12)
(2, 4)
(2, 10)
(4, 2)
(8, 92)
(16, 55)
(2, 2)
(4, 235)
(4, 20)
(10, 3)
(4, 57)
(4, 38)
(4, 14)
(4, 30)
(4, 6)
(4, 8)
(10, 3)
(2, 71)
(10, 13)
(2, 11)
(14, 41)
(10, 2)
(2, 71)
(2, 4)
(14, 5)
(10, 11)
(2, 7)
(14, 40)
(10, 92)
(14, 22)
(3, 1)
(8, 3)
(8, 14)
(4, 63)
(4, 11)
(2, 284)
(8, 4)
(2, 4)
(2, 7)
(14, 40)
(3, 1)
(8, 3)
(4, 3)
(10, 11)
(4, 235)
(14, 5)
(4, 57)
(8, 16)
(10, 30)
(2, 7)
(5, 6)
(2, 22)
(4, 127)
(2, 22)
(2, 7)
(2, 36)
(2, 4)
(4, 63)
(10, 92)
(8, 14)
(4, 8)
(2, 284)
(14, 22)
(2, 22)
(2, 22)
(8, 16)
(2, 22)
(10, 7)
(4, 23)
(2, 2)
(4, 19)
(2, 38)
(10, 7)
(4, 23)
(2, 2)
(4, 19)
(2, 38)
(4, 7)
(4, 23)
(4, 12)
(2, 25)
(10, 7)
(2, 13)
(8, 319)
(8, 74)
(2, 13)
(2, 4)
(2, 83)
(4, 76)
(2, 6)
(19, 160)
(3, 50)
(16, 175)
(10, 168)
(4, 975)
(2, 10)
(2, 139)
(5, 2)
(2, 6)
(4, 68)
(10, 6)
(2, 3)
(2, 67)
(10, 25)
(10, 4)
(2, 22)
(8, 72)
(2, 4)
(16, 4)
(3, 50)
(10, 4)
(10, 3)
(3, 38)
(16, 5)
(2, 6)
(2, 15)
(8, 103)
(10, 12)
(2, 22)
(19, 7)
(2, 6)
(2, 6)
(10, 2)
(2, 6)
(2, 2)
(16, 78)
(2, 36)
(2, 366)
(14, 442)
(2, 41)
(4, 13)
(2, 6)
(2, 68)
(5, 2)
(2, 30)
(6, 50)
(2, 31)
(4, 4)
(8, 431)
(2, 35)
(2, 27)
(4, 37)
(3, 2)
(19, 82)
(10, 266)
(2, 6)
(10, 77)
(2, 39)
(14, 435)
(2, 11)
(10, 159)
(6, 35)
(2, 20)
(2, 19)
(2, 18)
(2, 4)
(2, 26)
(10, 124)
(2, 315)
(2, 4)
(2, 4)
(10, 124)
(2, 315)
(2, 5)
(2, 3)
(10, 2)
(14, 46)
(5, 2)
(2, 6)
(2, 8)
(2, 11)
(2, 2)
(2, 2)
(2, 11)
(2, 8)
(2, 5)
(2, 3)
(4, 4)
(2, 20)
(14, 102)
(4, 7)
(19, 10)
(10, 21)
(6, 8)
(14, 4)
(2, 8)
(19, 17)
(2, 24)
(10, 15)
(2, 10)
(2, 2)
(10, 2)
(6, 8)
(2, 8)
(14, 4)
(6, 8)
(2, 8)
(14, 4)
(19, 17)
(2, 12)
(14, 4)
(16, 112)
(2, 41)
(2, 4)
(2, 217)
(8, 52)
(2, 4)
(4, 19)
(2, 171)
(5, 4)
(2, 1)
(8, 2)
(6, 14)
(6, 6)
(14, 281)
(3, 315)
(4, 84)
(8, 30)
(8, 182)
(2, 37)
(2, 1)
(4, 38)
(3, 47)
(19, 210)
(10, 209)
(2, 17)
(2, 17)
(10, 4)
(3, 8)
(2, 67)
(4, 2)
(8, 32)
(10, 30)
(8, 52)
(6, 6)
(5, 4)
(2, 4)
(19, 20)
(3, 4)
(2, 4)
(2, 14)
(2, 17)
(10, 5)
(19, 16)
(2, 12)
(8, 104)
(10, 39)
(14, 231)
(2, 14)
(3, 35)
(4, 84)
(19, 6)
(3, 313)
(2, 30)
(16, 34)
(6, 8)
(2, 25)
(4, 17)
(2, 71)
(10, 72)
(2, 30)
(8, 350)
(8, 25)
(6, 250)
(8, 256)
(14, 367)
(2, 82)
(2, 37)
(6, 1)
(2, 62)
(2, 8)
(3, 201)
(2, 30)
(19, 186)
(2, 68)
(16, 133)
(4, 27)
(10, 195)
(4, 55)
(2, 150)
(2, 62)
(2, 2)
(4, 130)
(5, 2)
(2, 28)
(8, 61)
(2, 78)
(2, 77)
(10, 9)
(2, 5)
(2, 19)
(14, 67)
(8, 349)
(10, 24)
(14, 2)
(2, 8)
(4, 11)
(19, 64)
(3, 52)
(2, 21)
(16, 100)
(6, 6)
(2, 17)
(4, 2)
(2, 31)
(10, 19)
(14, 9)
(16, 5)
(2, 1)
(19, 3)
(14, 15)
(19, 2)
(2, 6)
(2, 15)
(10, 4)
(2, 4)
(6, 297)
(2, 29)
(5, 114)
(2, 105)
(2, 247)
(2, 108)
(2, 51)
(2, 4)
(10, 128)
(14, 710)
(4, 2)
(2, 95)
(19, 223)
(4, 13)
(2, 66)
(10, 5)
(4, 2)
(10, 315)
(14, 201)
(2, 3)
(4, 89)
(2, 3)
(19, 87)
(2, 2)
(16, 49)
(4, 105)
(2, 73)
(2, 581)
(10, 19)
(2, 40)
(4, 3)
(4, 4)
(10, 8)
(8, 9)
(6, 223)
(5, 2)
(14, 3)
(2, 82)
(2, 76)
(2, 68)
(2, 8)
(2, 77)
(16, 38)
(2, 24)
(2, 4)
(2, 8)
(10, 19)
(2, 4)
(2, 15)
(4, 17)
(14, 79)
(10, 34)
(2, 2)
(14, 1105)
(2, 1)
(10, 39)
(2, 196)
(2, 26)
(4, 102)
(10, 92)
(14, 23)
(2, 370)
(4, 20)
(16, 8)
(19, 8)
(10, 143)
(14, 49)
(2, 3)
(4, 22)
(2, 3)
(19, 86)
(2, 2)
(16, 49)
(4, 103)
(2, 73)
(2, 361)
(10, 7)
(10, 7)
(2, 3)
(2, 3)
(2, 3)
(2, 3)
(2, 3)
(2, 3)
(10, 4)
(14, 4)
(4, 11)
(3, 52)
(16, 7)
(6, 6)
(2, 21)
(2, 17)
(2, 21)
(2, 21)
(6, 4)
(2, 4)
(2, 6)
(2, 10)
(2, 88)
(4, 8)
(14, 742)
(2, 4)
(16, 116)
(10, 506)
(4, 116)
(2, 8)
(2, 21)
(4, 7)
(4, 17)
(4, 35)
(10, 9)
(10, 51)
(14, 164)
(10, 6)
(14, 102)
(6, 4)
(14, 412)
(2, 6)
(2, 10)
(2, 40)
(2, 4)
(16, 12)
(10, 423)
(4, 2)
(2, 8)
(2, 4)
(10, 9)
(8, 29)
(6, 27)
(2, 33)
(2, 6)
(2, 46)
(4, 36)
(2, 17)
(3, 1)
(16, 91)
(10, 105)
(2, 36)
(2, 59)
(2, 12)
(10, 7)
(2, 6)
(6, 4)
(14, 394)
(2, 6)
(2, 10)
(2, 40)
(4, 1)
(2, 4)
(16, 1)
(10, 402)
(4, 2)
(2, 8)
(2, 4)
(6, 4)
(2, 4)
(2, 4)
(2, 8)
(2, 6)
(2, 10)
(8, 6)
(6, 346)
(2, 167)
(2, 41)
(2, 49)
(2, 240)
(4, 2)
(2, 108)
(16, 8)
(10, 10)
(2, 297)
(8, 97)
(2, 100)
(8, 2)
(10, 2)
(10, 6)
(10, 91)
(2, 7)
(8, 199)
(2, 6)
(16, 22)
(6, 22)
(4, 8)
(2, 1)
(2, 29)
(4, 244)
(16, 225)
(2, 204)
(2, 152)
(8, 979)
(10, 849)
(6, 294)
(3, 28)
(2, 148)
(8, 74)
(2, 67)
(2, 164)
(19, 9)
(6, 378)
(10, 764)
(2, 110)
(6, 378)
(10, 764)
(2, 110)
(6, 378)
(10, 764)
('auto-sklearn', 'commit_size', 'Pearsonr', 0.1533191958768784, 2.054631455225775e-05)
